<?xml version="1.0" encoding="UTF-8"?>
<testng-results ignored="0" total="1" passed="1" failed="0" skipped="0">
  <reporter-output>
  </reporter-output>
  <suite started-at="2024-07-27T23:37:49 IST" name="Default suite" finished-at="2024-07-27T23:37:49 IST" duration-ms="129">
    <groups>
    </groups>
    <test started-at="2024-07-27T23:37:49 IST" name="Default test" finished-at="2024-07-27T23:37:49 IST" duration-ms="129">
      <class name="com.sampleTestScript.Monster_Test">
        <test-method signature="ts_test()[pri:0, instance:com.sampleTestScript.Monster_Test@4b45a2f5]" started-at="2024-07-27T23:37:49 IST" name="ts_test" finished-at="2024-07-27T23:37:49 IST" duration-ms="23" status="PASS">
          <reporter-output>
          </reporter-output>
        </test-method> <!-- ts_test -->
      </class> <!-- com.sampleTestScript.Monster_Test -->
    </test> <!-- Default test -->
  </suite> <!-- Default suite -->
</testng-results>
